{
  "stats": {
    "suites": 2,
    "tests": 2,
    "passes": 2,
    "pending": 0,
    "failures": 0,
    "start": "2025-01-14T04:39:20.339Z",
    "end": "2025-01-14T04:39:22.869Z",
    "duration": 2530,
    "testsRegistered": 2,
    "passPercent": 100,
    "pendingPercent": 0,
    "other": 0,
    "hasOther": false,
    "skipped": 0,
    "hasSkipped": false
  },
  "results": [
    {
      "uuid": "634802e7-f8b8-4ff4-857c-35908d4bc955",
      "title": "",
      "fullFile": "cypress\\e2e\\login.js",
      "file": "cypress\\e2e\\login.js",
      "beforeHooks": [],
      "afterHooks": [],
      "tests": [],
      "suites": [
        {
          "uuid": "33bef35d-9324-47b6-ab6f-5c60c6dd3f99",
          "title": "UI login",
          "fullFile": "",
          "file": "",
          "beforeHooks": [],
          "afterHooks": [],
          "tests": [
            {
              "title": "Login",
              "fullTitle": "UI login Login",
              "timedOut": null,
              "duration": 2002,
              "state": "passed",
              "speed": "fast",
              "pass": true,
              "fail": false,
              "pending": false,
              "context": null,
              "code": "cy.visit(\"\");\n_registerPage.default.clickLoginBtn();\n_loginPage.default.typeUser(Cypress.env().user);\n_loginPage.default.typePass(Cypress.env().pass);\n_loginPage.default.clickLoginBtn();\n_headerPage.default.verifyUser(Cypress.env().user);",
              "err": {},
              "uuid": "82409929-38d5-4eb1-86e5-996d16b9e926",
              "parentUUID": "33bef35d-9324-47b6-ab6f-5c60c6dd3f99",
              "isHook": false,
              "skipped": false
            }
          ],
          "suites": [],
          "passes": [
            "82409929-38d5-4eb1-86e5-996d16b9e926"
          ],
          "failures": [],
          "pending": [],
          "skipped": [],
          "duration": 2002,
          "root": false,
          "rootEmpty": false,
          "_timeout": 2000
        },
        {
          "uuid": "d409d4ac-555d-4981-91d8-9c5eda729ee9",
          "title": "API login",
          "fullFile": "",
          "file": "",
          "beforeHooks": [],
          "afterHooks": [],
          "tests": [
            {
              "title": "API login",
              "fullTitle": "API login API login",
              "timedOut": null,
              "duration": 489,
              "state": "passed",
              "speed": "fast",
              "pass": true,
              "fail": false,
              "pending": false,
              "context": null,
              "code": "cy.loginUser(Cypress.env().user, Cypress.env().pass).then(response => {\n  cy.log(response);\n  expect(response.status).to.be.equal(201);\n  expect(response.body.user.username).to.be.equal(Cypress.env().user);\n});",
              "err": {},
              "uuid": "7f13219e-3f9d-420c-9c9f-b56e0faf8520",
              "parentUUID": "d409d4ac-555d-4981-91d8-9c5eda729ee9",
              "isHook": false,
              "skipped": false
            }
          ],
          "suites": [],
          "passes": [
            "7f13219e-3f9d-420c-9c9f-b56e0faf8520"
          ],
          "failures": [],
          "pending": [],
          "skipped": [],
          "duration": 489,
          "root": false,
          "rootEmpty": false,
          "_timeout": 2000
        }
      ],
      "passes": [],
      "failures": [],
      "pending": [],
      "skipped": [],
      "duration": 0,
      "root": true,
      "rootEmpty": true,
      "_timeout": 2000
    }
  ],
  "meta": {
    "mocha": {
      "version": "7.0.1"
    },
    "mochawesome": {
      "options": {
        "quiet": false,
        "reportFilename": "mochawesome",
        "saveHtml": false,
        "saveJson": true,
        "consoleReporter": "spec",
        "useInlineDiffs": false,
        "code": true
      },
      "version": "7.1.3"
    },
    "marge": {
      "options": {
        "reportDir": "cypress\\reports\\mochawesome-report\\.jsons",
        "overwrite": false,
        "html": false,
        "json": true
      },
      "version": "6.2.0"
    }
  }
}